[debug] ----------------------------------------------------------------------
[debug] Command:      E:\Programs\nodejs\node.exe C:\Users\Mark\AppData\Roaming\npm\node_modules\firebase-tools\bin\firebase serve
[debug] CLI Version:  3.1.0
[debug] Platform:     win32
[debug] Node Version: v6.7.0
[debug] Time:         Thu Nov 03 2016 22:06:03 GMT-0400 (Eastern Daylight Time)
[debug] ----------------------------------------------------------------------
[debug] 
[info] Starting Firebase development server...
[info] 
[info] Project Directory: I:\General\Programming\web\mb-firebase-test
[info] Public Directory: ./
[info] 
[info] Server listening at: http://localhost:5000
[debug] ----------------------------------------------------------------------
[debug] Command:      E:\Programs\nodejs\node.exe C:\Users\Mark\AppData\Roaming\npm\node_modules\firebase-tools\bin\firebase serve
[debug] CLI Version:  3.1.0
[debug] Platform:     win32
[debug] Node Version: v6.7.0
[debug] Time:         Fri Nov 04 2016 04:02:30 GMT-0400 (Eastern Daylight Time)
[debug] ----------------------------------------------------------------------
[debug] 
[info] Starting Firebase development server...
[info] 
[info] Project Directory: I:\General\Programming\web\mb-firebase-test
[info] Public Directory: ./
[info] 
[info] Server listening at: http://localhost:5000
